<?xml version="1.0" encoding="UTF-8"?>
<testng-results ignored="1" total="2" passed="1" failed="0" skipped="0">
  <reporter-output>
  </reporter-output>
  <suite started-at="2023-01-02T09:14:22 EST" name="Default suite" finished-at="2023-01-02T09:14:32 EST" duration-ms="9735">
    <groups>
    </groups>
    <test started-at="2023-01-02T09:14:22 EST" name="Default test" finished-at="2023-01-02T09:14:32 EST" duration-ms="9735">
      <class name="testPages.HomePageTest">
        <test-method is-config="true" signature="setUp()[pri:0, instance:testPages.HomePageTest@a38c7fe]" started-at="2023-01-02T09:14:22 EST" name="setUp" finished-at="2023-01-02T09:14:26 EST" duration-ms="4095" status="PASS">
          <reporter-output>
          </reporter-output>
        </test-method> <!-- setUp -->
        <test-method signature="clickSearchButton()[pri:0, instance:testPages.HomePageTest@a38c7fe]" started-at="2023-01-02T09:14:26 EST" name="clickSearchButton" finished-at="2023-01-02T09:14:31 EST" duration-ms="5353" status="PASS">
          <reporter-output>
          </reporter-output>
        </test-method> <!-- clickSearchButton -->
        <test-method is-config="true" signature="tearUp()[pri:0, instance:testPages.HomePageTest@a38c7fe]" started-at="2023-01-02T09:14:31 EST" name="tearUp" finished-at="2023-01-02T09:14:32 EST" duration-ms="231" status="PASS">
          <reporter-output>
          </reporter-output>
        </test-method> <!-- tearUp -->
      </class> <!-- testPages.HomePageTest -->
    </test> <!-- Default test -->
  </suite> <!-- Default suite -->
</testng-results>
